Using pre-set license
Built from '2021.1/staging' branch; Version is '2021.1.7f1 (d91830b65d9b) revision 14227504'; Using compiler version '192528614'; Build Type 'Release'
OS: 'Windows 10 Pro; OS build 19043.985; Version 2009; 64bit' Language: 'en' Physical Memory: 16185 MB
BatchMode: 1, IsHumanControllingUs: 0, StartBugReporterOnCrash: 0, Is64bit: 1, IsPro: 0

 COMMAND LINE ARGUMENTS:
C:\Program Files\Unity\Hub\Editor\2021.1.7f1\Editor\Unity.exe
-adb2
-batchMode
-noUpm
-name
AssetImportWorker0
-projectPath
C:/Users/G00204515/Documents/GitHub/06-09-prospectorbartok-pseudoprosciutto
-logFile
Logs/AssetImportWorker0.log
-srvPort
50567
Successfully changed project path to: C:/Users/G00204515/Documents/GitHub/06-09-prospectorbartok-pseudoprosciutto
C:/Users/G00204515/Documents/GitHub/06-09-prospectorbartok-pseudoprosciutto
Using Asset Import Pipeline V2.
Refreshing native plugins compatible for Editor in 21.86 ms, found 2 plugins.
Preloading 0 native plugins for Editor in 0.00 ms.
Initialize engine version: 2021.1.7f1 (d91830b65d9b)
[Subsystems] Discovering subsystems at path C:/Program Files/Unity/Hub/Editor/2021.1.7f1/Editor/Data/Resources/UnitySubsystems
[Subsystems] Discovering subsystems at path C:/Users/G00204515/Documents/GitHub/06-09-prospectorbartok-pseudoprosciutto/Assets
GfxDevice: creating device client; threaded=0; jobified=0
Direct3D:
    Version:  Direct3D 11.0 [level 11.1]
    Renderer: NVIDIA GeForce RTX 3080 (ID=0x2206)
    Vendor:   NVIDIA
    VRAM:     10078 MB
    Driver:   27.21.14.6647
Initialize mono
Mono path[0] = 'C:/Program Files/Unity/Hub/Editor/2021.1.7f1/Editor/Data/Managed'
Mono path[1] = 'C:/Program Files/Unity/Hub/Editor/2021.1.7f1/Editor/Data/MonoBleedingEdge/lib/mono/unityjit'
Mono config path = 'C:/Program Files/Unity/Hub/Editor/2021.1.7f1/Editor/Data/MonoBleedingEdge/etc'
Using monoOptions --debugger-agent=transport=dt_socket,embedding=1,server=y,suspend=n,address=127.0.0.1:56864
Begin MonoManager ReloadAssembly
Registering precompiled unity dll's ...
Register platform support module: C:/Program Files/Unity/Hub/Editor/2021.1.7f1/Editor/Data/PlaybackEngines/WebGLSupport/UnityEditor.WebGL.Extensions.dll
Register platform support module: C:/Program Files/Unity/Hub/Editor/2021.1.7f1/Editor/Data/PlaybackEngines/WindowsStandaloneSupport/UnityEditor.WindowsStandalone.Extensions.dll
Registered in 0.001531 seconds.
Native extension for WindowsStandalone target not found
Native extension for WebGL target not found
Refreshing native plugins compatible for Editor in 21.56 ms, found 2 plugins.
Preloading 0 native plugins for Editor in 0.00 ms.
Mono: successfully reloaded assembly
- Completed reload, in  1.325 seconds
Platform modules already initialized, skipping
Registering precompiled user dll's ...
Registered in 0.001948 seconds.
Begin MonoManager ReloadAssembly
Native extension for WindowsStandalone target not found
Native extension for WebGL target not found
Refreshing native plugins compatible for Editor in 0.26 ms, found 2 plugins.
Preloading 0 native plugins for Editor in 0.00 ms.
Mono: successfully reloaded assembly
- Completed reload, in  0.764 seconds
Platform modules already initialized, skipping
========================================================================
Worker process is ready to serve import requests
Launched and connected shader compiler UnityShaderCompiler.exe after 0.02 seconds
Refreshing native plugins compatible for Editor in 0.26 ms, found 2 plugins.
Preloading 0 native plugins for Editor in 0.00 ms.
Unloading 1464 Unused Serialized files (Serialized files now loaded: 0)
System memory in use before: 68.5 MB.
System memory in use after: 68.6 MB.

Unloading 16 unused Assets to reduce memory usage. Loaded Objects now: 1914.
Total: 1.804100 ms (FindLiveObjects: 0.094500 ms CreateObjectMapping: 0.035100 ms MarkObjects: 1.635600 ms  DeleteObjects: 0.038200 ms)

========================================================================
Received Import Request.
  path: Assets/CardGames/__Scripts/Bartok/SquareScript.cs
  artifactKey: Guid(521c657b0551eda498fe67014d61a01d) Importer(815301076,1909f56bfc062723c751e8b465ee728b)
Start importing Assets/CardGames/__Scripts/Bartok/SquareScript.cs using Guid(521c657b0551eda498fe67014d61a01d) Importer(815301076,1909f56bfc062723c751e8b465ee728b)  -> (artifact id: '84a67d19d3b82d02be9b3996b67c816a') in 0.013598 seconds 
========================================================================
Received Import Request.
  Time since last request: 30.460315 seconds.
  path: Assets/CardGames/__Scripts/Bartok/BartokLayout.cs
  artifactKey: Guid(416331266549242ffb4cabab296a23b7) Importer(815301076,1909f56bfc062723c751e8b465ee728b)
Start importing Assets/CardGames/__Scripts/Bartok/BartokLayout.cs using Guid(416331266549242ffb4cabab296a23b7) Importer(815301076,1909f56bfc062723c751e8b465ee728b)  -> (artifact id: 'eaaa6e4b8469a6fdce861cd2249d6021') in 0.006455 seconds 
========================================================================
Received Import Request.
  Time since last request: 0.624537 seconds.
  path: Assets/CardGames/__Scripts/Bartok/CardBartok.cs
  artifactKey: Guid(003629339ca3240168c9ff3815f73c6c) Importer(815301076,1909f56bfc062723c751e8b465ee728b)
Start importing Assets/CardGames/__Scripts/Bartok/CardBartok.cs using Guid(003629339ca3240168c9ff3815f73c6c) Importer(815301076,1909f56bfc062723c751e8b465ee728b)  -> (artifact id: '3f1ea8b3c868219498475987f0521210') in 0.004959 seconds 
========================================================================
Received Import Request.
  Time since last request: 1.023632 seconds.
  path: Assets/CardGames/__Scripts/Bartok/Player.cs
  artifactKey: Guid(a9bd362b110b842c8905fc0e9c52ca10) Importer(815301076,1909f56bfc062723c751e8b465ee728b)
Start importing Assets/CardGames/__Scripts/Bartok/Player.cs using Guid(a9bd362b110b842c8905fc0e9c52ca10) Importer(815301076,1909f56bfc062723c751e8b465ee728b)  -> (artifact id: '47c4d37c7bf18a90597da8ef0905694a') in 0.005789 seconds 
AssetImportWorkerClient::OnTransportError - code=2 error=End of file
